<?xml version="1.0" encoding="UTF-8"?>
<!-- Generated by org.testng.reporters.JUnitXMLReporter -->
<testsuite hostname="MLBMYSL-106608" name="Command line test" tests="1" failures="1" timestamp="5 Mar 2020 14:30:54 GMT" time="49.631" errors="0">
  <testcase name="testDriver" time="27.662" classname="org.xframium.driver.XMLTestDriver">
    <failure type="org.xframium.exception.ScriptConfigurationException" message="Could not locate elements using By.xpath: (//div[@id=&amp;apos;rfdSubMenu1583413326939&amp;apos;]//li)[26]">
      <![CDATA[Could not locate elements using By.xpath: (//div[@id='rfdSubMenu1583413326939']//li)[26]
	at org.xframium.page.keyWord.step.AbstractKeyWordStep.executeStep(AbstractKeyWordStep.java:1325)
	at org.xframium.page.keyWord.KeyWordTest.executeTest(KeyWordTest.java:529)
	at org.xframium.page.keyWord.KeyWordDriver.executionFunction(KeyWordDriver.java:495)
	at org.xframium.page.keyWord.step.spi.KWSCall2._executeStep(KWSCall2.java:148)
	at org.xframium.page.keyWord.step.AbstractKeyWordStep.executeStep(AbstractKeyWordStep.java:1216)
	at org.xframium.page.keyWord.KeyWordTest.executeTest(KeyWordTest.java:529)
	at org.xframium.page.keyWord.KeyWordDriver.executeTest(KeyWordDriver.java:777)
	at org.xframium.driver.XMLTestDriver.testDriver(XMLTestDriver.java:288)
	at sun.reflect.NativeMethodAccessorImpl.invoke0(Native Method)
	at sun.reflect.NativeMethodAccessorImpl.invoke(Unknown Source)
	at sun.reflect.DelegatingMethodAccessorImpl.invoke(Unknown Source)
	at java.lang.reflect.Method.invoke(Unknown Source)
	at org.testng.internal.MethodInvocationHelper.invokeMethod(MethodInvocationHelper.java:86)
	at org.testng.internal.Invoker.invokeMethod(Invoker.java:643)
	at org.testng.internal.Invoker.invokeTestMethod(Invoker.java:820)
	at org.testng.internal.TestMethodWithDataProviderMethodWorker.call(TestMethodWithDataProviderMethodWorker.java:75)
	at org.testng.internal.TestMethodWithDataProviderMethodWorker.call(TestMethodWithDataProviderMethodWorker.java:14)
	at java.util.concurrent.FutureTask.run(Unknown Source)
	at java.util.concurrent.Executors$RunnableAdapter.call(Unknown Source)
	at java.util.concurrent.FutureTask.run(Unknown Source)
	at java.util.concurrent.ThreadPoolExecutor.runWorker(Unknown Source)
	at java.util.concurrent.ThreadPoolExecutor$Worker.run(Unknown Source)
	at java.lang.Thread.run(Unknown Source)
]]>
    </failure>
  </testcase> <!-- testDriver -->
</testsuite> <!-- Command line test -->
