<?xml version="1.0" encoding="UTF-8"?>
<testng-results skipped="0" failed="1" total="1" passed="0">
  <reporter-output>
  </reporter-output>
  <suite name="Command line suite" duration-ms="51573" started-at="2020-05-13T14:12:13Z" finished-at="2020-05-13T14:13:05Z">
    <groups>
    </groups>
    <test name="Command line test" duration-ms="51573" started-at="2020-05-13T14:12:13Z" finished-at="2020-05-13T14:13:05Z">
      <class name="org.xframium.driver.XMLTestDriver">
        <test-method status="PASS" signature="beforeMethod(java.lang.reflect.Method, [Ljava.lang.Object;, org.testng.ITestContext)[pri:0, instance:org.xframium.driver.XMLTestDriver@2822c6ff]" name="beforeMethod" is-config="true" duration-ms="15725" started-at="2020-05-13T10:12:13Z" finished-at="2020-05-13T10:12:29Z">
          <params>
            <param index="0">
              <value>
                <![CDATA[public void org.xframium.driver.XMLTestDriver.testDriver(org.xframium.device.ng.TestContainer) throws java.lang.Throwable]]>
              </value>
            </param>
            <param index="1">
              <value>
                <![CDATA[[Ljava.lang.Object;@287b84d5]]>
              </value>
            </param>
            <param index="2">
              <value>
                <![CDATA[org.testng.TestRunner@538fac06]]>
              </value>
            </param>
          </params>
          <reporter-output>
          </reporter-output>
        </test-method> <!-- beforeMethod -->
        <test-method status="FAIL" signature="testDriver(org.xframium.device.ng.TestContainer)[pri:0, instance:org.xframium.driver.XMLTestDriver@2822c6ff]" name="testDriver" duration-ms="31347" started-at="2020-05-13T10:12:29Z" data-provider="deviceManager" finished-at="2020-05-13T10:13:00Z">
          <params>
            <param index="0">
              <value>
                <![CDATA[org.xframium.device.ng.TestContainer@736c897a]]>
              </value>
            </param>
          </params>
          <exception class="org.xframium.exception.ScriptConfigurationException">
            <message>
              <![CDATA[unknown error: unhandled inspector error: {"code":-32000,"message":"Cannot find context with specified id"}
  (Session info: chrome=79.0.3945.88)
Build info: version: '3.13.0', revision: '2f0d292', time: '2018-06-25T15:24:21.231Z'
System info: host: 'MLBMYSL-106608', ip: '10.13.58.43', os.name: 'Windows 10', os.arch: 'amd64', os.version: '10.0', java.version: '1.8.0_91'
Driver info: org.openqa.selenium.remote.RemoteWebDriver
Capabilities {acceptInsecureCerts: false, browserName: chrome, browserVersion: 79.0.3945.88, chrome: {chromedriverVersion: 79.0.3945.36 (3582db32b3389..., userDataDir: C:\Users\MADHU~1.SAN\AppDat...}, goog:chromeOptions: {debuggerAddress: localhost:61842}, javascriptEnabled: true, networkConnectionEnabled: false, pageLoadStrategy: normal, platform: WINDOWS, platformName: WINDOWS, proxy: Proxy(), setWindowRect: true, strictFileInteractability: false, timeouts: {implicit: 0, pageLoad: 300000, script: 30000}, unhandledPromptBehavior: dismiss and notify, webdriver.remote.sessionid: e5ed5f8b9557632541d4d334a70...}
Session ID: e5ed5f8b9557632541d4d334a70a7c88]]>
            </message>
            <full-stacktrace>
              <![CDATA[unknown error: unhandled inspector error: {"code":-32000,"message":"Cannot find context with specified id"}
  (Session info: chrome=79.0.3945.88)
Build info: version: '3.13.0', revision: '2f0d292', time: '2018-06-25T15:24:21.231Z'
System info: host: 'MLBMYSL-106608', ip: '10.13.58.43', os.name: 'Windows 10', os.arch: 'amd64', os.version: '10.0', java.version: '1.8.0_91'
Driver info: org.openqa.selenium.remote.RemoteWebDriver
Capabilities {acceptInsecureCerts: false, browserName: chrome, browserVersion: 79.0.3945.88, chrome: {chromedriverVersion: 79.0.3945.36 (3582db32b3389..., userDataDir: C:\Users\MADHU~1.SAN\AppDat...}, goog:chromeOptions: {debuggerAddress: localhost:61842}, javascriptEnabled: true, networkConnectionEnabled: false, pageLoadStrategy: normal, platform: WINDOWS, platformName: WINDOWS, proxy: Proxy(), setWindowRect: true, strictFileInteractability: false, timeouts: {implicit: 0, pageLoad: 300000, script: 30000}, unhandledPromptBehavior: dismiss and notify, webdriver.remote.sessionid: e5ed5f8b9557632541d4d334a70...}
Session ID: e5ed5f8b9557632541d4d334a70a7c88
	at org.xframium.page.keyWord.step.AbstractKeyWordStep.executeStep(AbstractKeyWordStep.java:1325)
	at org.xframium.page.keyWord.KeyWordTest.executeTest(KeyWordTest.java:529)
	at org.xframium.page.keyWord.KeyWordDriver.executionFunction(KeyWordDriver.java:495)
	at org.xframium.page.keyWord.step.spi.KWSCall2._executeStep(KWSCall2.java:148)
	at org.xframium.page.keyWord.step.AbstractKeyWordStep.executeStep(AbstractKeyWordStep.java:1216)
	at org.xframium.page.keyWord.KeyWordTest.executeTest(KeyWordTest.java:529)
	at org.xframium.page.keyWord.KeyWordDriver.executionFunction(KeyWordDriver.java:495)
	at org.xframium.page.keyWord.step.spi.KWSCall2._executeStep(KWSCall2.java:148)
	at org.xframium.page.keyWord.step.AbstractKeyWordStep.executeStep(AbstractKeyWordStep.java:1216)
	at org.xframium.page.keyWord.KeyWordTest.executeTest(KeyWordTest.java:529)
	at org.xframium.page.keyWord.KeyWordDriver.executeTest(KeyWordDriver.java:777)
	at org.xframium.driver.XMLTestDriver.testDriver(XMLTestDriver.java:288)
	at sun.reflect.NativeMethodAccessorImpl.invoke0(Native Method)
	at sun.reflect.NativeMethodAccessorImpl.invoke(Unknown Source)
	at sun.reflect.DelegatingMethodAccessorImpl.invoke(Unknown Source)
	at java.lang.reflect.Method.invoke(Unknown Source)
	at org.testng.internal.MethodInvocationHelper.invokeMethod(MethodInvocationHelper.java:86)
	at org.testng.internal.Invoker.invokeMethod(Invoker.java:643)
	at org.testng.internal.Invoker.invokeTestMethod(Invoker.java:820)
	at org.testng.internal.TestMethodWithDataProviderMethodWorker.call(TestMethodWithDataProviderMethodWorker.java:75)
	at org.testng.internal.TestMethodWithDataProviderMethodWorker.call(TestMethodWithDataProviderMethodWorker.java:14)
	at java.util.concurrent.FutureTask.run(Unknown Source)
	at java.util.concurrent.Executors$RunnableAdapter.call(Unknown Source)
	at java.util.concurrent.FutureTask.run(Unknown Source)
	at java.util.concurrent.ThreadPoolExecutor.runWorker(Unknown Source)
	at java.util.concurrent.ThreadPoolExecutor$Worker.run(Unknown Source)
	at java.lang.Thread.run(Unknown Source)
]]>
            </full-stacktrace>
          </exception> <!-- org.xframium.exception.ScriptConfigurationException -->
          <reporter-output>
          </reporter-output>
        </test-method> <!-- testDriver -->
        <test-method status="PASS" signature="afterMethod(java.lang.reflect.Method, [Ljava.lang.Object;, org.testng.ITestResult, org.testng.ITestContext)[pri:0, instance:org.xframium.driver.XMLTestDriver@2822c6ff]" name="afterMethod" is-config="true" duration-ms="4482" started-at="2020-05-13T10:13:00Z" finished-at="2020-05-13T10:13:05Z">
          <params>
            <param index="0">
              <value>
                <![CDATA[public void org.xframium.driver.XMLTestDriver.testDriver(org.xframium.device.ng.TestContainer) throws java.lang.Throwable]]>
              </value>
            </param>
            <param index="1">
              <value>
                <![CDATA[[Ljava.lang.Object;@287b84d5]]>
              </value>
            </param>
            <param index="2">
              <value>
                <![CDATA[[TestResult name=testDriver status=FAILURE method=XMLTestDriver.testDriver(org.xframium.device.ng.TestContainer)[pri:0, instance:org.xframium.driver.XMLTestDriver@2822c6ff] output={null}]]]>
              </value>
            </param>
            <param index="3">
              <value>
                <![CDATA[org.testng.TestRunner@538fac06]]>
              </value>
            </param>
          </params>
          <reporter-output>
          </reporter-output>
        </test-method> <!-- afterMethod -->
        <test-method status="PASS" signature="afterSuite(org.testng.ITestContext)[pri:0, instance:org.xframium.driver.XMLTestDriver@2822c6ff]" name="afterSuite" is-config="true" duration-ms="0" started-at="2020-05-13T10:13:05Z" finished-at="2020-05-13T10:13:05Z">
          <params>
            <param index="0">
              <value>
                <![CDATA[org.testng.TestRunner@538fac06]]>
              </value>
            </param>
          </params>
          <reporter-output>
          </reporter-output>
        </test-method> <!-- afterSuite -->
      </class> <!-- org.xframium.driver.XMLTestDriver -->
    </test> <!-- Command line test -->
  </suite> <!-- Command line suite -->
</testng-results>
