<?xml version="1.0" encoding="UTF-8"?>
<testng-results skipped="0" failed="1" total="1" passed="0">
  <reporter-output>
  </reporter-output>
  <suite name="Command line suite" duration-ms="344880" started-at="2020-08-03T10:58:50Z" finished-at="2020-08-03T11:04:35Z">
    <groups>
    </groups>
    <test name="Command line test" duration-ms="344880" started-at="2020-08-03T10:58:50Z" finished-at="2020-08-03T11:04:35Z">
      <class name="org.xframium.driver.XMLTestDriver">
        <test-method status="PASS" signature="beforeMethod(java.lang.reflect.Method, [Ljava.lang.Object;, org.testng.ITestContext)[pri:0, instance:org.xframium.driver.XMLTestDriver@4e4c3a38]" name="beforeMethod" is-config="true" duration-ms="12835" started-at="2020-08-03T16:28:50Z" finished-at="2020-08-03T16:29:03Z">
          <params>
            <param index="0">
              <value>
                <![CDATA[public void org.xframium.driver.XMLTestDriver.testDriver(org.xframium.device.ng.TestContainer) throws java.lang.Throwable]]>
              </value>
            </param>
            <param index="1">
              <value>
                <![CDATA[[Ljava.lang.Object;@7359c58b]]>
              </value>
            </param>
            <param index="2">
              <value>
                <![CDATA[org.testng.TestRunner@447bf6a3]]>
              </value>
            </param>
          </params>
          <reporter-output>
          </reporter-output>
        </test-method> <!-- beforeMethod -->
        <test-method status="FAIL" signature="testDriver(org.xframium.device.ng.TestContainer)[pri:0, instance:org.xframium.driver.XMLTestDriver@4e4c3a38]" name="testDriver" duration-ms="327368" started-at="2020-08-03T16:29:03Z" data-provider="deviceManager" finished-at="2020-08-03T16:34:30Z">
          <params>
            <param index="0">
              <value>
                <![CDATA[org.xframium.device.ng.TestContainer@2269f7ac]]>
              </value>
            </param>
          </params>
          <exception class="org.xframium.exception.ScriptConfigurationException">
            <message>
              <![CDATA[//a[contains(text(),'')] returned multiple values while 1 was expected]]>
            </message>
            <full-stacktrace>
              <![CDATA[//a[contains(text(),'')] returned multiple values while 1 was expected
	at org.xframium.page.keyWord.step.AbstractKeyWordStep.executeStep(AbstractKeyWordStep.java:1325)
	at org.xframium.page.keyWord.KeyWordTest.executeTest(KeyWordTest.java:529)
	at org.xframium.page.keyWord.KeyWordDriver.executionFunction(KeyWordDriver.java:495)
	at org.xframium.page.keyWord.step.spi.KWSCall2._executeStep(KWSCall2.java:148)
	at org.xframium.page.keyWord.step.AbstractKeyWordStep.executeStep(AbstractKeyWordStep.java:1216)
	at org.xframium.page.keyWord.KeyWordTest.executeTest(KeyWordTest.java:529)
	at org.xframium.page.keyWord.KeyWordDriver.executionFunction(KeyWordDriver.java:495)
	at org.xframium.page.keyWord.step.spi.KWSCall2._executeStep(KWSCall2.java:148)
	at org.xframium.page.keyWord.step.AbstractKeyWordStep.executeStep(AbstractKeyWordStep.java:1216)
	at org.xframium.page.keyWord.KeyWordTest.executeTest(KeyWordTest.java:529)
	at org.xframium.page.keyWord.KeyWordDriver.executeTest(KeyWordDriver.java:777)
	at org.xframium.driver.XMLTestDriver.testDriver(XMLTestDriver.java:288)
	at sun.reflect.NativeMethodAccessorImpl.invoke0(Native Method)
	at sun.reflect.NativeMethodAccessorImpl.invoke(NativeMethodAccessorImpl.java:62)
	at sun.reflect.DelegatingMethodAccessorImpl.invoke(DelegatingMethodAccessorImpl.java:43)
	at java.lang.reflect.Method.invoke(Method.java:498)
	at org.testng.internal.MethodInvocationHelper.invokeMethod(MethodInvocationHelper.java:86)
	at org.testng.internal.Invoker.invokeMethod(Invoker.java:643)
	at org.testng.internal.Invoker.invokeTestMethod(Invoker.java:820)
	at org.testng.internal.TestMethodWithDataProviderMethodWorker.call(TestMethodWithDataProviderMethodWorker.java:75)
	at org.testng.internal.TestMethodWithDataProviderMethodWorker.call(TestMethodWithDataProviderMethodWorker.java:14)
	at java.util.concurrent.FutureTask.run(FutureTask.java:266)
	at java.util.concurrent.Executors$RunnableAdapter.call(Executors.java:511)
	at java.util.concurrent.FutureTask.run(FutureTask.java:266)
	at java.util.concurrent.ThreadPoolExecutor.runWorker(ThreadPoolExecutor.java:1142)
	at java.util.concurrent.ThreadPoolExecutor$Worker.run(ThreadPoolExecutor.java:617)
	at java.lang.Thread.run(Thread.java:745)
]]>
            </full-stacktrace>
          </exception> <!-- org.xframium.exception.ScriptConfigurationException -->
          <reporter-output>
          </reporter-output>
        </test-method> <!-- testDriver -->
        <test-method status="PASS" signature="afterMethod(java.lang.reflect.Method, [Ljava.lang.Object;, org.testng.ITestResult, org.testng.ITestContext)[pri:0, instance:org.xframium.driver.XMLTestDriver@4e4c3a38]" name="afterMethod" is-config="true" duration-ms="4616" started-at="2020-08-03T16:34:30Z" finished-at="2020-08-03T16:34:35Z">
          <params>
            <param index="0">
              <value>
                <![CDATA[public void org.xframium.driver.XMLTestDriver.testDriver(org.xframium.device.ng.TestContainer) throws java.lang.Throwable]]>
              </value>
            </param>
            <param index="1">
              <value>
                <![CDATA[[Ljava.lang.Object;@7359c58b]]>
              </value>
            </param>
            <param index="2">
              <value>
                <![CDATA[[TestResult name=testDriver status=FAILURE method=XMLTestDriver.testDriver(org.xframium.device.ng.TestContainer)[pri:0, instance:org.xframium.driver.XMLTestDriver@4e4c3a38] output={null}]]]>
              </value>
            </param>
            <param index="3">
              <value>
                <![CDATA[org.testng.TestRunner@447bf6a3]]>
              </value>
            </param>
          </params>
          <reporter-output>
          </reporter-output>
        </test-method> <!-- afterMethod -->
        <test-method status="PASS" signature="afterSuite(org.testng.ITestContext)[pri:0, instance:org.xframium.driver.XMLTestDriver@4e4c3a38]" name="afterSuite" is-config="true" duration-ms="0" started-at="2020-08-03T16:34:35Z" finished-at="2020-08-03T16:34:35Z">
          <params>
            <param index="0">
              <value>
                <![CDATA[org.testng.TestRunner@447bf6a3]]>
              </value>
            </param>
          </params>
          <reporter-output>
          </reporter-output>
        </test-method> <!-- afterSuite -->
      </class> <!-- org.xframium.driver.XMLTestDriver -->
    </test> <!-- Command line test -->
  </suite> <!-- Command line suite -->
</testng-results>
